INFO: Decoding resources 
INFO: Reading dex files 
INFO: Merging temp/app-release-unsigned-v0.41.1.apk 
INFO: Skipping custom-branding, reason: manually excluded 
INFO: Skipping premium-heading, reason: manually excluded 
INFO: Skipping enable-debugging, reason: excluded by default 
INFO: Skipping always-autorepeat, reason: manually excluded 
INFO: Skipping compact-header, reason: excluded by default 
INFO: theme succeeded 
INFO: old-quality-layout succeeded 
INFO: hide-autoplay-button succeeded 
INFO: hide-watermark succeeded 
INFO: disable-fullscreen-panels succeeded 
INFO: hide-create-button succeeded 
INFO: hide-shorts-button succeeded 
INFO: tablet-mini-player succeeded 
INFO: hide-time-and-seekbar succeeded 
INFO: return-youtube-dislike succeeded 
INFO: disable-auto-captions succeeded 
INFO: disable-auto-player-popup-panels succeeded 
INFO: enable-wide-searchbar succeeded 
INFO: hide-cast-button succeeded 
INFO: video-ads succeeded 
INFO: general-ads succeeded 
INFO: hide-infocard-suggestions succeeded 
INFO: seekbar-tapping succeeded 
INFO: downloads succeeded 
INFO: swipe-controls succeeded 
INFO: microg-support succeeded 
INFO: settings succeeded 
INFO: minimized-playback succeeded 
INFO: custom-video-buffer succeeded 
INFO: custom-playback-speed succeeded 
INFO: remember-video-quality succeeded 
INFO: client-spoof succeeded 
INFO: hdr-auto-brightness succeeded 
INFO: Compiling resources 
INFO: Writing modified dex files 
INFO: Writing dex file classes.dex 
INFO: Writing dex file classes2.dex 
INFO: Writing dex file classes4.dex 
INFO: Writing dex file classes3.dex 
INFO: Writing dex file classes6.dex 
INFO: Writing dex file classes5.dex 
INFO: Writing resources... 
INFO: Ripping x86 libs 
INFO: Ripping x86_64 libs 
INFO: Aligning revanced-v17.36.37-p2.66.2_raw.apk to revanced-v17.36.37-p2.66.2_aligned.apk 
INFO: Signing revanced-v17.36.37-p2.66.2_aligned.apk to revanced-v17.36.37-p2.66.2_signed.apk 
INFO: Found existing keystore: ks.keystore 
INFO: Copying revanced-v17.36.37-p2.66.2_signed.apk to revanced-v17.36.37-p2.66.2.bin 
INFO: Finished 
